2019-11-29 12:14:02,256 WARN  [SoapUI] Missing folder [C:\Users\KAMALAKARSINDOLE\Desktop\API_Test\my-app\ext] for external libraries
2019-11-29 12:14:02,719 INFO  [DefaultSoapUICore] initialized soapui-settings from [C:\Users\KAMALAKARSINDOLE\soapui-settings.xml]
2019-11-29 12:14:20,989 INFO  [PluginManager] Adding plugin from [C:\Users\KAMALAKARSINDOLE\.soapuios\plugins\ready-mqtt-plugin-dist.jar]
2019-11-29 12:14:20,990 INFO  [PluginManager] Adding plugin from [C:\Users\KAMALAKARSINDOLE\.soapuios\plugins\soapui-swagger-plugin-2.2-dist.jar]
2019-11-29 12:14:23,721 ERROR [SoapUI] An error occurred [com.eviware.soapui.plugins.auto.factories.AutoDiscoveryMethodFactory], see error log for details
2019-11-29 12:14:23,730 ERROR [errorlog] java.lang.ClassNotFoundException: com.eviware.soapui.plugins.auto.factories.AutoDiscoveryMethodFactory
java.lang.ClassNotFoundException: com.eviware.soapui.plugins.auto.factories.AutoDiscoveryMethodFactory
	at org.codehaus.plexus.classworlds.strategy.SelfFirstStrategy.loadClass(SelfFirstStrategy.java:50)
	at org.codehaus.plexus.classworlds.realm.ClassRealm.unsynchronizedLoadClass(ClassRealm.java:271)
	at org.codehaus.plexus.classworlds.realm.ClassRealm.loadClass(ClassRealm.java:247)
	at org.codehaus.plexus.classworlds.realm.ClassRealm.loadClass(ClassRealm.java:239)
	at java.lang.Class.forName0(Native Method)
	at java.lang.Class.forName(Class.java:264)
	at com.eviware.soapui.plugins.LoaderBase.loadAutoFactories(LoaderBase.java:113)
	at com.eviware.soapui.plugins.LoaderBase.loadFactories(LoaderBase.java:80)
	at com.eviware.soapui.plugins.PluginLoader.loadPluginFactories(PluginLoader.java:141)
	at com.eviware.soapui.plugins.PluginLoader.loadPlugin(PluginLoader.java:104)
	at com.eviware.soapui.plugins.PluginLoader.loadPlugin(PluginLoader.java:54)
	at com.eviware.soapui.plugins.PluginManager.doInstallPlugin(PluginManager.java:141)
	at com.eviware.soapui.plugins.PluginManager.access$600(PluginManager.java:43)
	at com.eviware.soapui.plugins.PluginManager$LoadPluginsTask.computeSequentially(PluginManager.java:420)
	at com.eviware.soapui.plugins.PluginManager$LoadPluginsTask.compute(PluginManager.java:377)
	at com.eviware.soapui.plugins.PluginManager$LoadPluginsTask.compute(PluginManager.java:382)
	at com.eviware.soapui.plugins.PluginManager$LoadPluginsTask.compute(PluginManager.java:365)
	at java.util.concurrent.RecursiveTask.exec(RecursiveTask.java:94)
	at java.util.concurrent.ForkJoinTask.doExec(ForkJoinTask.java:289)
	at java.util.concurrent.ForkJoinPool$WorkQueue.runTask(ForkJoinPool.java:1056)
	at java.util.concurrent.ForkJoinPool.runWorker(ForkJoinPool.java:1692)
	at java.util.concurrent.ForkJoinWorkerThread.run(ForkJoinWorkerThread.java:157)
2019-11-29 12:14:23,955 ERROR [SoapUI] An error occurred [com.eviware.soapui.plugins.auto.factories.AutoImportMethodFactory], see error log for details
2019-11-29 12:14:23,961 ERROR [errorlog] java.lang.ClassNotFoundException: com.eviware.soapui.plugins.auto.factories.AutoImportMethodFactory
java.lang.ClassNotFoundException: com.eviware.soapui.plugins.auto.factories.AutoImportMethodFactory
	at org.codehaus.plexus.classworlds.strategy.SelfFirstStrategy.loadClass(SelfFirstStrategy.java:50)
	at org.codehaus.plexus.classworlds.realm.ClassRealm.unsynchronizedLoadClass(ClassRealm.java:271)
	at org.codehaus.plexus.classworlds.realm.ClassRealm.loadClass(ClassRealm.java:247)
	at org.codehaus.plexus.classworlds.realm.ClassRealm.loadClass(ClassRealm.java:239)
	at java.lang.Class.forName0(Native Method)
	at java.lang.Class.forName(Class.java:264)
	at com.eviware.soapui.plugins.LoaderBase.loadAutoFactories(LoaderBase.java:113)
	at com.eviware.soapui.plugins.LoaderBase.loadFactories(LoaderBase.java:80)
	at com.eviware.soapui.plugins.PluginLoader.loadPluginFactories(PluginLoader.java:141)
	at com.eviware.soapui.plugins.PluginLoader.loadPlugin(PluginLoader.java:104)
	at com.eviware.soapui.plugins.PluginLoader.loadPlugin(PluginLoader.java:54)
	at com.eviware.soapui.plugins.PluginManager.doInstallPlugin(PluginManager.java:141)
	at com.eviware.soapui.plugins.PluginManager.access$600(PluginManager.java:43)
	at com.eviware.soapui.plugins.PluginManager$LoadPluginsTask.computeSequentially(PluginManager.java:420)
	at com.eviware.soapui.plugins.PluginManager$LoadPluginsTask.compute(PluginManager.java:377)
	at com.eviware.soapui.plugins.PluginManager$LoadPluginsTask.compute(PluginManager.java:382)
	at com.eviware.soapui.plugins.PluginManager$LoadPluginsTask.compute(PluginManager.java:365)
	at java.util.concurrent.RecursiveTask.exec(RecursiveTask.java:94)
	at java.util.concurrent.ForkJoinTask.doExec(ForkJoinTask.java:289)
	at java.util.concurrent.ForkJoinPool$WorkQueue.runTask(ForkJoinPool.java:1056)
	at java.util.concurrent.ForkJoinPool.runWorker(ForkJoinPool.java:1692)
	at java.util.concurrent.ForkJoinWorkerThread.run(ForkJoinWorkerThread.java:157)
2019-11-29 12:14:24,182 INFO  [PluginManager] Adding plugin from [C:\Users\KAMALAKARSINDOLE\.soapuios\plugins\ready-uxm-plugin-1.0.1-dist.jar]
2019-11-29 12:14:24,380 ERROR [SoapUI] An error occurred [com.eviware.soapui.plugins.auto.factories.AutoDiscoveryMethodFactory], see error log for details
2019-11-29 12:14:24,382 ERROR [errorlog] java.lang.ClassNotFoundException: com.eviware.soapui.plugins.auto.factories.AutoDiscoveryMethodFactory
java.lang.ClassNotFoundException: com.eviware.soapui.plugins.auto.factories.AutoDiscoveryMethodFactory
	at org.codehaus.plexus.classworlds.strategy.SelfFirstStrategy.loadClass(SelfFirstStrategy.java:50)
	at org.codehaus.plexus.classworlds.realm.ClassRealm.unsynchronizedLoadClass(ClassRealm.java:271)
	at org.codehaus.plexus.classworlds.realm.ClassRealm.loadClass(ClassRealm.java:247)
	at org.codehaus.plexus.classworlds.realm.ClassRealm.loadClass(ClassRealm.java:239)
	at java.lang.Class.forName0(Native Method)
	at java.lang.Class.forName(Class.java:264)
	at com.eviware.soapui.plugins.LoaderBase.loadAutoFactories(LoaderBase.java:113)
	at com.eviware.soapui.plugins.LoaderBase.loadFactories(LoaderBase.java:80)
	at com.eviware.soapui.plugins.PluginLoader.loadPluginFactories(PluginLoader.java:141)
	at com.eviware.soapui.plugins.PluginLoader.loadPlugin(PluginLoader.java:104)
	at com.eviware.soapui.plugins.PluginLoader.loadPlugin(PluginLoader.java:54)
	at com.eviware.soapui.plugins.PluginManager.doInstallPlugin(PluginManager.java:141)
	at com.eviware.soapui.plugins.PluginManager.access$600(PluginManager.java:43)
	at com.eviware.soapui.plugins.PluginManager$LoadPluginsTask.computeSequentially(PluginManager.java:420)
	at com.eviware.soapui.plugins.PluginManager$LoadPluginsTask.compute(PluginManager.java:377)
	at com.eviware.soapui.plugins.PluginManager$LoadPluginsTask.compute(PluginManager.java:365)
	at java.util.concurrent.RecursiveTask.exec(RecursiveTask.java:94)
	at java.util.concurrent.ForkJoinTask.doExec(ForkJoinTask.java:289)
	at java.util.concurrent.ForkJoinPool$WorkQueue.runTask(ForkJoinPool.java:1056)
	at java.util.concurrent.ForkJoinPool.runWorker(ForkJoinPool.java:1692)
	at java.util.concurrent.ForkJoinWorkerThread.run(ForkJoinWorkerThread.java:157)
2019-11-29 12:14:24,616 ERROR [SoapUI] An error occurred [com.eviware.soapui.plugins.auto.factories.AutoImportMethodFactory], see error log for details
2019-11-29 12:14:24,642 ERROR [errorlog] java.lang.ClassNotFoundException: com.eviware.soapui.plugins.auto.factories.AutoImportMethodFactory
java.lang.ClassNotFoundException: com.eviware.soapui.plugins.auto.factories.AutoImportMethodFactory
	at org.codehaus.plexus.classworlds.strategy.SelfFirstStrategy.loadClass(SelfFirstStrategy.java:50)
	at org.codehaus.plexus.classworlds.realm.ClassRealm.unsynchronizedLoadClass(ClassRealm.java:271)
	at org.codehaus.plexus.classworlds.realm.ClassRealm.loadClass(ClassRealm.java:247)
	at org.codehaus.plexus.classworlds.realm.ClassRealm.loadClass(ClassRealm.java:239)
	at java.lang.Class.forName0(Native Method)
	at java.lang.Class.forName(Class.java:264)
	at com.eviware.soapui.plugins.LoaderBase.loadAutoFactories(LoaderBase.java:113)
	at com.eviware.soapui.plugins.LoaderBase.loadFactories(LoaderBase.java:80)
	at com.eviware.soapui.plugins.PluginLoader.loadPluginFactories(PluginLoader.java:141)
	at com.eviware.soapui.plugins.PluginLoader.loadPlugin(PluginLoader.java:104)
	at com.eviware.soapui.plugins.PluginLoader.loadPlugin(PluginLoader.java:54)
	at com.eviware.soapui.plugins.PluginManager.doInstallPlugin(PluginManager.java:141)
	at com.eviware.soapui.plugins.PluginManager.access$600(PluginManager.java:43)
	at com.eviware.soapui.plugins.PluginManager$LoadPluginsTask.computeSequentially(PluginManager.java:420)
	at com.eviware.soapui.plugins.PluginManager$LoadPluginsTask.compute(PluginManager.java:377)
	at com.eviware.soapui.plugins.PluginManager$LoadPluginsTask.compute(PluginManager.java:365)
	at java.util.concurrent.RecursiveTask.exec(RecursiveTask.java:94)
	at java.util.concurrent.ForkJoinTask.doExec(ForkJoinTask.java:289)
	at java.util.concurrent.ForkJoinPool$WorkQueue.runTask(ForkJoinPool.java:1056)
	at java.util.concurrent.ForkJoinPool.runWorker(ForkJoinPool.java:1692)
	at java.util.concurrent.ForkJoinWorkerThread.run(ForkJoinWorkerThread.java:157)
2019-11-29 12:14:24,845 INFO  [PluginManager] Adding plugin from [C:\Users\KAMALAKARSINDOLE\.soapuios\plugins\readyapi-postman-1.0.1.jar]
2019-11-29 12:14:25,938 ERROR [SoapUI] An error occurred [com.eviware.soapui.plugins.auto.factories.AutoDiscoveryMethodFactory], see error log for details
2019-11-29 12:14:25,942 ERROR [errorlog] java.lang.ClassNotFoundException: com.eviware.soapui.plugins.auto.factories.AutoDiscoveryMethodFactory
java.lang.ClassNotFoundException: com.eviware.soapui.plugins.auto.factories.AutoDiscoveryMethodFactory
	at org.codehaus.plexus.classworlds.strategy.SelfFirstStrategy.loadClass(SelfFirstStrategy.java:50)
	at org.codehaus.plexus.classworlds.realm.ClassRealm.unsynchronizedLoadClass(ClassRealm.java:271)
	at org.codehaus.plexus.classworlds.realm.ClassRealm.loadClass(ClassRealm.java:247)
	at org.codehaus.plexus.classworlds.realm.ClassRealm.loadClass(ClassRealm.java:239)
	at java.lang.Class.forName0(Native Method)
	at java.lang.Class.forName(Class.java:264)
	at com.eviware.soapui.plugins.LoaderBase.loadAutoFactories(LoaderBase.java:113)
	at com.eviware.soapui.plugins.LoaderBase.loadFactories(LoaderBase.java:80)
	at com.eviware.soapui.plugins.PluginLoader.loadPluginFactories(PluginLoader.java:141)
	at com.eviware.soapui.plugins.PluginLoader.loadPlugin(PluginLoader.java:104)
	at com.eviware.soapui.plugins.PluginLoader.loadPlugin(PluginLoader.java:54)
	at com.eviware.soapui.plugins.PluginManager.doInstallPlugin(PluginManager.java:141)
	at com.eviware.soapui.plugins.PluginManager.access$600(PluginManager.java:43)
	at com.eviware.soapui.plugins.PluginManager$LoadPluginsTask.computeSequentially(PluginManager.java:420)
	at com.eviware.soapui.plugins.PluginManager$LoadPluginsTask.compute(PluginManager.java:377)
	at com.eviware.soapui.plugins.PluginManager$LoadPluginsTask.compute(PluginManager.java:382)
	at com.eviware.soapui.plugins.PluginManager$LoadPluginsTask.compute(PluginManager.java:365)
	at java.util.concurrent.RecursiveTask.exec(RecursiveTask.java:94)
	at java.util.concurrent.ForkJoinTask.doExec(ForkJoinTask.java:289)
	at java.util.concurrent.ForkJoinPool$WorkQueue.runTask(ForkJoinPool.java:1056)
	at java.util.concurrent.ForkJoinPool.runWorker(ForkJoinPool.java:1692)
	at java.util.concurrent.ForkJoinWorkerThread.run(ForkJoinWorkerThread.java:157)
2019-11-29 12:14:26,148 ERROR [SoapUI] An error occurred [com.eviware.soapui.plugins.auto.factories.AutoImportMethodFactory], see error log for details
2019-11-29 12:14:26,151 ERROR [errorlog] java.lang.ClassNotFoundException: com.eviware.soapui.plugins.auto.factories.AutoImportMethodFactory
java.lang.ClassNotFoundException: com.eviware.soapui.plugins.auto.factories.AutoImportMethodFactory
	at org.codehaus.plexus.classworlds.strategy.SelfFirstStrategy.loadClass(SelfFirstStrategy.java:50)
	at org.codehaus.plexus.classworlds.realm.ClassRealm.unsynchronizedLoadClass(ClassRealm.java:271)
	at org.codehaus.plexus.classworlds.realm.ClassRealm.loadClass(ClassRealm.java:247)
	at org.codehaus.plexus.classworlds.realm.ClassRealm.loadClass(ClassRealm.java:239)
	at java.lang.Class.forName0(Native Method)
	at java.lang.Class.forName(Class.java:264)
	at com.eviware.soapui.plugins.LoaderBase.loadAutoFactories(LoaderBase.java:113)
	at com.eviware.soapui.plugins.LoaderBase.loadFactories(LoaderBase.java:80)
	at com.eviware.soapui.plugins.PluginLoader.loadPluginFactories(PluginLoader.java:141)
	at com.eviware.soapui.plugins.PluginLoader.loadPlugin(PluginLoader.java:104)
	at com.eviware.soapui.plugins.PluginLoader.loadPlugin(PluginLoader.java:54)
	at com.eviware.soapui.plugins.PluginManager.doInstallPlugin(PluginManager.java:141)
	at com.eviware.soapui.plugins.PluginManager.access$600(PluginManager.java:43)
	at com.eviware.soapui.plugins.PluginManager$LoadPluginsTask.computeSequentially(PluginManager.java:420)
	at com.eviware.soapui.plugins.PluginManager$LoadPluginsTask.compute(PluginManager.java:377)
	at com.eviware.soapui.plugins.PluginManager$LoadPluginsTask.compute(PluginManager.java:382)
	at com.eviware.soapui.plugins.PluginManager$LoadPluginsTask.compute(PluginManager.java:365)
	at java.util.concurrent.RecursiveTask.exec(RecursiveTask.java:94)
	at java.util.concurrent.ForkJoinTask.doExec(ForkJoinTask.java:289)
	at java.util.concurrent.ForkJoinPool$WorkQueue.runTask(ForkJoinPool.java:1056)
	at java.util.concurrent.ForkJoinPool.runWorker(ForkJoinPool.java:1692)
	at java.util.concurrent.ForkJoinWorkerThread.run(ForkJoinWorkerThread.java:157)
2019-11-29 12:14:26,152 ERROR [SoapUI] An error occurred [com.eviware.soapui.plugins.auto.factories.AutoDiscoveryMethodFactory], see error log for details
2019-11-29 12:14:26,153 ERROR [errorlog] java.lang.ClassNotFoundException: com.eviware.soapui.plugins.auto.factories.AutoDiscoveryMethodFactory
java.lang.ClassNotFoundException: com.eviware.soapui.plugins.auto.factories.AutoDiscoveryMethodFactory
	at org.codehaus.plexus.classworlds.strategy.SelfFirstStrategy.loadClass(SelfFirstStrategy.java:50)
	at org.codehaus.plexus.classworlds.realm.ClassRealm.unsynchronizedLoadClass(ClassRealm.java:271)
	at org.codehaus.plexus.classworlds.realm.ClassRealm.loadClass(ClassRealm.java:247)
	at org.codehaus.plexus.classworlds.realm.ClassRealm.loadClass(ClassRealm.java:239)
	at java.lang.Class.forName0(Native Method)
	at java.lang.Class.forName(Class.java:264)
	at com.eviware.soapui.plugins.LoaderBase.loadAutoFactories(LoaderBase.java:113)
	at com.eviware.soapui.plugins.LoaderBase.loadFactories(LoaderBase.java:80)
	at com.eviware.soapui.plugins.PluginLoader.loadPluginFactories(PluginLoader.java:141)
	at com.eviware.soapui.plugins.PluginLoader.loadPlugin(PluginLoader.java:104)
	at com.eviware.soapui.plugins.PluginLoader.loadPlugin(PluginLoader.java:54)
	at com.eviware.soapui.plugins.PluginManager.doInstallPlugin(PluginManager.java:141)
	at com.eviware.soapui.plugins.PluginManager.access$600(PluginManager.java:43)
	at com.eviware.soapui.plugins.PluginManager$LoadPluginsTask.computeSequentially(PluginManager.java:420)
	at com.eviware.soapui.plugins.PluginManager$LoadPluginsTask.compute(PluginManager.java:377)
	at com.eviware.soapui.plugins.PluginManager$LoadPluginsTask.compute(PluginManager.java:365)
	at java.util.concurrent.RecursiveTask.exec(RecursiveTask.java:94)
	at java.util.concurrent.ForkJoinTask.doExec(ForkJoinTask.java:289)
	at java.util.concurrent.ForkJoinPool$WorkQueue.runTask(ForkJoinPool.java:1056)
	at java.util.concurrent.ForkJoinPool.runWorker(ForkJoinPool.java:1692)
	at java.util.concurrent.ForkJoinWorkerThread.run(ForkJoinWorkerThread.java:157)
2019-11-29 12:14:26,303 ERROR [SoapUI] An error occurred [com.eviware.soapui.plugins.auto.factories.AutoImportMethodFactory], see error log for details
2019-11-29 12:14:26,307 ERROR [errorlog] java.lang.ClassNotFoundException: com.eviware.soapui.plugins.auto.factories.AutoImportMethodFactory
java.lang.ClassNotFoundException: com.eviware.soapui.plugins.auto.factories.AutoImportMethodFactory
	at org.codehaus.plexus.classworlds.strategy.SelfFirstStrategy.loadClass(SelfFirstStrategy.java:50)
	at org.codehaus.plexus.classworlds.realm.ClassRealm.unsynchronizedLoadClass(ClassRealm.java:271)
	at org.codehaus.plexus.classworlds.realm.ClassRealm.loadClass(ClassRealm.java:247)
	at org.codehaus.plexus.classworlds.realm.ClassRealm.loadClass(ClassRealm.java:239)
	at java.lang.Class.forName0(Native Method)
	at java.lang.Class.forName(Class.java:264)
	at com.eviware.soapui.plugins.LoaderBase.loadAutoFactories(LoaderBase.java:113)
	at com.eviware.soapui.plugins.LoaderBase.loadFactories(LoaderBase.java:80)
	at com.eviware.soapui.plugins.PluginLoader.loadPluginFactories(PluginLoader.java:141)
	at com.eviware.soapui.plugins.PluginLoader.loadPlugin(PluginLoader.java:104)
	at com.eviware.soapui.plugins.PluginLoader.loadPlugin(PluginLoader.java:54)
	at com.eviware.soapui.plugins.PluginManager.doInstallPlugin(PluginManager.java:141)
	at com.eviware.soapui.plugins.PluginManager.access$600(PluginManager.java:43)
	at com.eviware.soapui.plugins.PluginManager$LoadPluginsTask.computeSequentially(PluginManager.java:420)
	at com.eviware.soapui.plugins.PluginManager$LoadPluginsTask.compute(PluginManager.java:377)
	at com.eviware.soapui.plugins.PluginManager$LoadPluginsTask.compute(PluginManager.java:365)
	at java.util.concurrent.RecursiveTask.exec(RecursiveTask.java:94)
	at java.util.concurrent.ForkJoinTask.doExec(ForkJoinTask.java:289)
	at java.util.concurrent.ForkJoinPool$WorkQueue.runTask(ForkJoinPool.java:1056)
	at java.util.concurrent.ForkJoinPool.runWorker(ForkJoinPool.java:1692)
	at java.util.concurrent.ForkJoinWorkerThread.run(ForkJoinWorkerThread.java:157)
2019-11-29 12:14:26,514 INFO  [PluginManager] Adding plugin from [C:\Users\KAMALAKARSINDOLE\.soapuios\plugins\readyapi-swaggerhub-plugin-1.0.jar]
2019-11-29 12:14:27,401 ERROR [SoapUI] An error occurred [com.eviware.soapui.plugins.auto.factories.AutoDiscoveryMethodFactory], see error log for details
2019-11-29 12:14:27,403 ERROR [errorlog] java.lang.ClassNotFoundException: com.eviware.soapui.plugins.auto.factories.AutoDiscoveryMethodFactory
java.lang.ClassNotFoundException: com.eviware.soapui.plugins.auto.factories.AutoDiscoveryMethodFactory
	at org.codehaus.plexus.classworlds.strategy.SelfFirstStrategy.loadClass(SelfFirstStrategy.java:50)
	at org.codehaus.plexus.classworlds.realm.ClassRealm.unsynchronizedLoadClass(ClassRealm.java:271)
	at org.codehaus.plexus.classworlds.realm.ClassRealm.loadClass(ClassRealm.java:247)
	at org.codehaus.plexus.classworlds.realm.ClassRealm.loadClass(ClassRealm.java:239)
	at java.lang.Class.forName0(Native Method)
	at java.lang.Class.forName(Class.java:264)
	at com.eviware.soapui.plugins.LoaderBase.loadAutoFactories(LoaderBase.java:113)
	at com.eviware.soapui.plugins.LoaderBase.loadFactories(LoaderBase.java:80)
	at com.eviware.soapui.plugins.PluginLoader.loadPluginFactories(PluginLoader.java:141)
	at com.eviware.soapui.plugins.PluginLoader.loadPlugin(PluginLoader.java:104)
	at com.eviware.soapui.plugins.PluginLoader.loadPlugin(PluginLoader.java:54)
	at com.eviware.soapui.plugins.PluginManager.doInstallPlugin(PluginManager.java:141)
	at com.eviware.soapui.plugins.PluginManager.access$600(PluginManager.java:43)
	at com.eviware.soapui.plugins.PluginManager$LoadPluginsTask.computeSequentially(PluginManager.java:420)
	at com.eviware.soapui.plugins.PluginManager$LoadPluginsTask.compute(PluginManager.java:377)
	at com.eviware.soapui.plugins.PluginManager$LoadPluginsTask.compute(PluginManager.java:382)
	at com.eviware.soapui.plugins.PluginManager$LoadPluginsTask.compute(PluginManager.java:365)
	at java.util.concurrent.RecursiveTask.exec(RecursiveTask.java:94)
	at java.util.concurrent.ForkJoinTask.doExec(ForkJoinTask.java:289)
	at java.util.concurrent.ForkJoinPool$WorkQueue.runTask(ForkJoinPool.java:1056)
	at java.util.concurrent.ForkJoinPool.runWorker(ForkJoinPool.java:1692)
	at java.util.concurrent.ForkJoinWorkerThread.run(ForkJoinWorkerThread.java:157)
2019-11-29 12:14:27,557 ERROR [SoapUI] An error occurred [com.eviware.soapui.plugins.auto.factories.AutoImportMethodFactory], see error log for details
2019-11-29 12:14:27,562 ERROR [errorlog] java.lang.ClassNotFoundException: com.eviware.soapui.plugins.auto.factories.AutoImportMethodFactory
java.lang.ClassNotFoundException: com.eviware.soapui.plugins.auto.factories.AutoImportMethodFactory
	at org.codehaus.plexus.classworlds.strategy.SelfFirstStrategy.loadClass(SelfFirstStrategy.java:50)
	at org.codehaus.plexus.classworlds.realm.ClassRealm.unsynchronizedLoadClass(ClassRealm.java:271)
	at org.codehaus.plexus.classworlds.realm.ClassRealm.loadClass(ClassRealm.java:247)
	at org.codehaus.plexus.classworlds.realm.ClassRealm.loadClass(ClassRealm.java:239)
	at java.lang.Class.forName0(Native Method)
	at java.lang.Class.forName(Class.java:264)
	at com.eviware.soapui.plugins.LoaderBase.loadAutoFactories(LoaderBase.java:113)
	at com.eviware.soapui.plugins.LoaderBase.loadFactories(LoaderBase.java:80)
	at com.eviware.soapui.plugins.PluginLoader.loadPluginFactories(PluginLoader.java:141)
	at com.eviware.soapui.plugins.PluginLoader.loadPlugin(PluginLoader.java:104)
	at com.eviware.soapui.plugins.PluginLoader.loadPlugin(PluginLoader.java:54)
	at com.eviware.soapui.plugins.PluginManager.doInstallPlugin(PluginManager.java:141)
	at com.eviware.soapui.plugins.PluginManager.access$600(PluginManager.java:43)
	at com.eviware.soapui.plugins.PluginManager$LoadPluginsTask.computeSequentially(PluginManager.java:420)
	at com.eviware.soapui.plugins.PluginManager$LoadPluginsTask.compute(PluginManager.java:377)
	at com.eviware.soapui.plugins.PluginManager$LoadPluginsTask.compute(PluginManager.java:382)
	at com.eviware.soapui.plugins.PluginManager$LoadPluginsTask.compute(PluginManager.java:365)
	at java.util.concurrent.RecursiveTask.exec(RecursiveTask.java:94)
	at java.util.concurrent.ForkJoinTask.doExec(ForkJoinTask.java:289)
	at java.util.concurrent.ForkJoinPool$WorkQueue.runTask(ForkJoinPool.java:1056)
	at java.util.concurrent.ForkJoinPool.runWorker(ForkJoinPool.java:1692)
	at java.util.concurrent.ForkJoinWorkerThread.run(ForkJoinWorkerThread.java:157)
2019-11-29 12:14:27,663 INFO  [PluginManager] 5 plugins loaded in 6678 ms
2019-11-29 12:14:27,663 INFO  [DefaultSoapUICore] All plugins loaded
2019-11-29 12:14:30,060 INFO  [WsdlProject] Loaded project from [file:/C:/Users/KAMALAKARSINDOLE/Desktop/API_Test/my-app/SOAP-Project-soapui-project.xml]
2019-11-29 12:14:30,087 INFO  [SoapUITestCaseRunner] Running SoapUI tests in project [SOAP Project]
2019-11-29 12:14:30,092 INFO  [SoapUITestCaseRunner] Running Project [SOAP Project], runType = SEQUENTIAL
2019-11-29 12:14:30,150 INFO  [SoapUITestCaseRunner] Running SoapUI testcase [TestCase1]
2019-11-29 12:14:30,167 INFO  [SoapUITestCaseRunner] running step [Properties]
2019-11-29 12:14:30,329 INFO  [SoapUITestCaseRunner] running step [Property Transfer]
2019-11-29 12:14:31,070 INFO  [SoapUITestCaseRunner] running step [Save]
2019-11-29 12:14:32,773 INFO  [SoapUITestCaseRunner] Assertion [SOAP Response] has status VALID
2019-11-29 12:14:32,773 INFO  [SoapUITestCaseRunner] running step [GetCustomerByIdPT]
2019-11-29 12:14:32,786 INFO  [SoapUITestCaseRunner] running step [GetById]
2019-11-29 12:14:33,423 INFO  [SoapUITestCaseRunner] Assertion [SOAP Response] has status VALID
2019-11-29 12:14:33,425 INFO  [SoapUITestCaseRunner] running step [GetList]
2019-11-29 12:14:36,484 INFO  [SoapUITestCaseRunner] Assertion [SOAP Response] has status VALID
2019-11-29 12:14:36,493 INFO  [SoapUITestCaseRunner] running step [DeleteIdPT]
2019-11-29 12:14:36,511 INFO  [SoapUITestCaseRunner] running step [DeleteById]
2019-11-29 12:14:37,327 INFO  [SoapUITestCaseRunner] Assertion [SOAP Response] has status VALID
2019-11-29 12:14:37,335 INFO  [SoapUITestCaseRunner] Finished running SoapUI testcase [TestCase1], time taken: 7065ms, status: FINISHED
2019-11-29 12:14:37,352 INFO  [SoapUITestCaseRunner] Running SoapUI testcase [TestCase 1]
2019-11-29 12:14:37,355 INFO  [SoapUITestCaseRunner] running step [SaveCustomer]
2019-11-29 12:14:38,823 INFO  [SchemaUtils] Added default schema from file:/C:/Users/KAMALAKARSINDOLE/.m2/repository/com/smartbear/soapui/soapui/5.5.0/soapui-5.5.0.jar!/com/eviware/soapui/resources/xsds/xop.xsd with targetNamespace http://www.w3.org/2004/08/xop/include
2019-11-29 12:14:38,920 INFO  [SchemaUtils] Added default schema from file:/C:/Users/KAMALAKARSINDOLE/.m2/repository/com/smartbear/soapui/soapui/5.5.0/soapui-5.5.0.jar!/com/eviware/soapui/resources/xsds/XMLSchema.xsd with targetNamespace http://www.w3.org/2001/XMLSchema
2019-11-29 12:14:38,969 INFO  [SchemaUtils] Added default schema from file:/C:/Users/KAMALAKARSINDOLE/.m2/repository/com/smartbear/soapui/soapui/5.5.0/soapui-5.5.0.jar!/com/eviware/soapui/resources/xsds/xml.xsd with targetNamespace http://www.w3.org/XML/1998/namespace
2019-11-29 12:14:38,978 INFO  [SchemaUtils] Added default schema from file:/C:/Users/KAMALAKARSINDOLE/.m2/repository/com/smartbear/soapui/soapui/5.5.0/soapui-5.5.0.jar!/com/eviware/soapui/resources/xsds/swaref.xsd with targetNamespace http://ws-i.org/profiles/basic/1.1/xsd
2019-11-29 12:14:38,985 INFO  [SchemaUtils] Added default schema from file:/C:/Users/KAMALAKARSINDOLE/.m2/repository/com/smartbear/soapui/soapui/5.5.0/soapui-5.5.0.jar!/com/eviware/soapui/resources/xsds/xmime200505.xsd with targetNamespace http://www.w3.org/2005/05/xmlmime
2019-11-29 12:14:38,998 INFO  [SchemaUtils] Added default schema from file:/C:/Users/KAMALAKARSINDOLE/.m2/repository/com/smartbear/soapui/soapui/5.5.0/soapui-5.5.0.jar!/com/eviware/soapui/resources/xsds/xmime200411.xsd with targetNamespace http://www.w3.org/2004/11/xmlmime
2019-11-29 12:14:39,008 INFO  [SchemaUtils] Added default schema from file:/C:/Users/KAMALAKARSINDOLE/.m2/repository/com/smartbear/soapui/soapui/5.5.0/soapui-5.5.0.jar!/com/eviware/soapui/resources/xsds/soapEnvelope.xsd with targetNamespace http://schemas.xmlsoap.org/soap/envelope/
2019-11-29 12:14:39,013 INFO  [SchemaUtils] Added default schema from file:/C:/Users/KAMALAKARSINDOLE/.m2/repository/com/smartbear/soapui/soapui/5.5.0/soapui-5.5.0.jar!/com/eviware/soapui/resources/xsds/soapEncoding.xsd with targetNamespace http://schemas.xmlsoap.org/soap/encoding/
2019-11-29 12:14:39,018 INFO  [SchemaUtils] Added default schema from file:/C:/Users/KAMALAKARSINDOLE/.m2/repository/com/smartbear/soapui/soapui/5.5.0/soapui-5.5.0.jar!/com/eviware/soapui/resources/xsds/soapEnvelope12.xsd with targetNamespace http://www.w3.org/2003/05/soap-envelope
2019-11-29 12:14:39,029 INFO  [SchemaUtils] Added default schema from file:/C:/Users/KAMALAKARSINDOLE/.m2/repository/com/smartbear/soapui/soapui/5.5.0/soapui-5.5.0.jar!/com/eviware/soapui/resources/xsds/soapEncoding12.xsd with targetNamespace http://www.w3.org/2003/05/soap-encoding
2019-11-29 12:14:39,040 INFO  [SchemaUtils] Loading schema types from [file:/C:/Users/KAMALAKARSINDOLE/Desktop/SOAP%20API%20WSDL%20EndPoints/customerCustomerRepositoryV1.xml]
2019-11-29 12:14:39,044 INFO  [SchemaUtils] Getting schema file:/C:/Users/KAMALAKARSINDOLE/Desktop/SOAP%20API%20WSDL%20EndPoints/customerCustomerRepositoryV1.xml
2019-11-29 12:14:41,317 INFO  [SoapUITestCaseRunner] Assertion [SOAP Response] has status VALID
2019-11-29 12:14:41,324 INFO  [SoapUITestCaseRunner] Assertion [Schema Compliance] has status VALID
2019-11-29 12:14:41,392 INFO  [SoapUITestCaseRunner] Assertion [Not SOAP Fault] has status VALID
2019-11-29 12:14:41,432 INFO  [SoapUITestCaseRunner] running step [GetCustomerById]
2019-11-29 12:14:43,000 INFO  [log] Customer ID is 373
2019-11-29 12:14:43,012 INFO  [SoapUITestCaseRunner] Assertion [SOAP Response] has status VALID
2019-11-29 12:14:43,022 INFO  [SoapUITestCaseRunner] Assertion [Schema Compliance] has status VALID
2019-11-29 12:14:43,027 INFO  [SoapUITestCaseRunner] Assertion [Not SOAP Fault] has status VALID
2019-11-29 12:14:43,032 INFO  [SoapUITestCaseRunner] Assertion [XPath Match] has status VALID
2019-11-29 12:14:43,040 INFO  [SoapUITestCaseRunner] Assertion [Script Assertion] has status VALID
2019-11-29 12:14:43,042 INFO  [SoapUITestCaseRunner] running step [GetCustomerList]
2019-11-29 12:14:45,830 INFO  [SoapUITestCaseRunner] Assertion [SOAP Response] has status VALID
2019-11-29 12:14:45,839 INFO  [SoapUITestCaseRunner] Assertion [Schema Compliance] has status VALID
2019-11-29 12:14:45,842 INFO  [SoapUITestCaseRunner] Assertion [Not SOAP Fault] has status VALID
2019-11-29 12:14:45,844 INFO  [SoapUITestCaseRunner] running step [DeleteCustomer]
2019-11-29 12:14:46,653 INFO  [SoapUITestCaseRunner] Assertion [SOAP Response] has status VALID
2019-11-29 12:14:46,660 INFO  [SoapUITestCaseRunner] Assertion [Schema Compliance] has status VALID
2019-11-29 12:14:46,661 INFO  [SoapUITestCaseRunner] Assertion [Not SOAP Fault] has status VALID
2019-11-29 12:14:46,662 INFO  [SoapUITestCaseRunner] Assertion [XPath Match] has status VALID
2019-11-29 12:14:46,664 INFO  [SoapUITestCaseRunner] Finished running SoapUI testcase [TestCase 1], time taken: 9128ms, status: FINISHED
2019-11-29 12:14:46,697 INFO  [SoapUITestCaseRunner] Running SoapUI testcase [TestCase 1]
2019-11-29 12:14:46,701 INFO  [SoapUITestCaseRunner] running step [SaveCustomer]
2019-11-29 12:14:47,748 INFO  [SoapUITestCaseRunner] Assertion [SOAP Response] has status VALID
2019-11-29 12:14:47,748 INFO  [SoapUITestCaseRunner] Assertion [Schema Compliance] has status VALID
2019-11-29 12:14:47,750 INFO  [SoapUITestCaseRunner] Assertion [Not SOAP Fault] has status VALID
2019-11-29 12:14:47,758 INFO  [SoapUITestCaseRunner] running step [Groovy Script 1]
2019-11-29 12:14:47,799 INFO  [log] Email is sindolkamal1@gmail.com
2019-11-29 12:14:47,803 INFO  [log] email entry wrong, try again! 
2019-11-29 12:14:47,837 INFO  [SoapUITestCaseRunner] running step [DeleteCustomer]
2019-11-29 12:14:48,776 INFO  [SoapUITestCaseRunner] Assertion [SOAP Response] has status VALID
2019-11-29 12:14:48,777 INFO  [SoapUITestCaseRunner] Assertion [Schema Compliance] has status VALID
2019-11-29 12:14:48,777 INFO  [SoapUITestCaseRunner] Assertion [Not SOAP Fault] has status VALID
2019-11-29 12:14:48,779 INFO  [SoapUITestCaseRunner] Finished running SoapUI testcase [TestCase 1], time taken: 2047ms, status: FINISHED
2019-11-29 12:14:48,784 INFO  [SoapUITestCaseRunner] Running SoapUI testcase [TestCase 1]
2019-11-29 12:14:48,788 INFO  [SoapUITestCaseRunner] running step [SaveCustomer]
2019-11-29 12:14:50,382 INFO  [log] 375
2019-11-29 12:14:50,404 INFO  [SoapUITestCaseRunner] Assertion [SOAP Response] has status VALID
2019-11-29 12:14:50,408 INFO  [SoapUITestCaseRunner] Assertion [Schema Compliance] has status VALID
2019-11-29 12:14:50,415 INFO  [SoapUITestCaseRunner] Assertion [Not SOAP Fault] has status VALID
2019-11-29 12:14:50,415 INFO  [SoapUITestCaseRunner] Assertion [Script Assertion] has status VALID
2019-11-29 12:14:50,421 INFO  [SoapUITestCaseRunner] running step [GetCustomerById]
2019-11-29 12:14:51,164 INFO  [log] Customer ID is 375
2019-11-29 12:14:51,205 INFO  [SoapUITestCaseRunner] Assertion [SOAP Response] has status VALID
2019-11-29 12:14:51,206 INFO  [SoapUITestCaseRunner] Assertion [Schema Compliance] has status VALID
2019-11-29 12:14:51,217 INFO  [SoapUITestCaseRunner] Assertion [Not SOAP Fault] has status VALID
2019-11-29 12:14:51,230 INFO  [SoapUITestCaseRunner] Assertion [XPath Match] has status VALID
2019-11-29 12:14:51,230 INFO  [SoapUITestCaseRunner] Assertion [Script Assertion] has status VALID
2019-11-29 12:14:51,240 INFO  [SoapUITestCaseRunner] running step [GetCustomerList]
2019-11-29 12:14:53,391 INFO  [SoapUITestCaseRunner] Assertion [SOAP Response] has status VALID
2019-11-29 12:14:53,434 INFO  [SoapUITestCaseRunner] Assertion [Schema Compliance] has status VALID
2019-11-29 12:14:53,438 INFO  [SoapUITestCaseRunner] Assertion [Not SOAP Fault] has status VALID
2019-11-29 12:14:53,444 INFO  [SoapUITestCaseRunner] running step [DeleteCustomer]
2019-11-29 12:14:54,202 INFO  [SoapUITestCaseRunner] Assertion [SOAP Response] has status VALID
2019-11-29 12:14:54,203 INFO  [SoapUITestCaseRunner] Assertion [Schema Compliance] has status VALID
2019-11-29 12:14:54,209 INFO  [SoapUITestCaseRunner] Assertion [Not SOAP Fault] has status VALID
2019-11-29 12:14:54,209 INFO  [SoapUITestCaseRunner] Assertion [XPath Match] has status VALID
2019-11-29 12:14:54,210 INFO  [SoapUITestCaseRunner] Finished running SoapUI testcase [TestCase 1], time taken: 5288ms, status: FINISHED
2019-11-29 12:14:54,211 INFO  [SoapUITestCaseRunner] Project [SOAP Project] finished with status [FINISHED] in 24106ms
2019-11-29 12:16:39,419 WARN  [Tools] Could not delete temporary directory C:\Users\KAMALA~1\AppData\Local\Temp\55b8692e-7b24-42b8-b5e4-413624ea0273
2019-11-29 12:16:39,434 WARN  [Tools] Could not delete temporary directory C:\Users\KAMALA~1\AppData\Local\Temp\9db21e28-a802-484c-be22-9d48c853aa2f
